
  .   ____          _            __ _ _
 /\\ / ___'_ __ _ _(_)_ __  __ _ \ \ \ \
( ( )\___ | '_ | '_| | '_ \/ _` | \ \ \ \
 \\/  ___)| |_)| | | | | || (_| |  ) ) ) )
  '  |____| .__|_| |_|_| |_\__, | / / / /
 =========|_|==============|___/=/_/_/_/
 :: Spring Boot ::        (v2.3.7.RELEASE)

2022-11-10 19:14:28.404  INFO 2116 --- [           main] com.amnesia.seckill.SeckillApplication   : Starting SeckillApplication on VM-8-9-centos with PID 2116 (/root/seckill/target/seckill-0.0.1-SNAPSHOT.jar started by root in /root/seckill)
2022-11-10 19:14:28.416  INFO 2116 --- [           main] com.amnesia.seckill.SeckillApplication   : No active profile set, falling back to default profiles: default
2022-11-10 19:14:30.084  INFO 2116 --- [           main] o.s.b.w.embedded.tomcat.TomcatWebServer  : Tomcat initialized with port(s): 8080 (http)
2022-11-10 19:14:30.098  INFO 2116 --- [           main] o.apache.catalina.core.StandardService   : Starting service [Tomcat]
2022-11-10 19:14:30.098  INFO 2116 --- [           main] org.apache.catalina.core.StandardEngine  : Starting Servlet engine: [Apache Tomcat/9.0.41]
2022-11-10 19:14:30.163  INFO 2116 --- [           main] o.a.c.c.C.[Tomcat].[localhost].[/]       : Initializing Spring embedded WebApplicationContext
2022-11-10 19:14:30.164  INFO 2116 --- [           main] w.s.c.ServletWebServerApplicationContext : Root WebApplicationContext: initialization completed in 1631 ms
 _ _   |_  _ _|_. ___ _ |    _ 
| | |\/|_)(_| | |_\  |_)||_|_\ 
     /               |         
                        3.5.1 
2022-11-10 19:14:31.235  INFO 2116 --- [           main] o.s.s.concurrent.ThreadPoolTaskExecutor  : Initializing ExecutorService 'applicationTaskExecutor'
2022-11-10 19:14:31.538  WARN 2116 --- [           main] ConfigServletWebServerApplicationContext : Exception encountered during context initialization - cancelling refresh attempt: org.springframework.context.ApplicationContextException: Failed to start bean 'webServerStartStop'; nested exception is org.springframework.boot.web.server.PortInUseException: Port 8080 is already in use
2022-11-10 19:14:31.539  INFO 2116 --- [           main] o.s.s.concurrent.ThreadPoolTaskExecutor  : Shutting down ExecutorService 'applicationTaskExecutor'
2022-11-10 19:14:31.544  INFO 2116 --- [           main] o.apache.catalina.core.StandardService   : Stopping service [Tomcat]
2022-11-10 19:14:31.559  INFO 2116 --- [           main] ConditionEvaluationReportLoggingListener : 

Error starting ApplicationContext. To display the conditions report re-run your application with 'debug' enabled.
2022-11-10 19:14:31.561 ERROR 2116 --- [           main] o.s.b.d.LoggingFailureAnalysisReporter   : 

***************************
APPLICATION FAILED TO START
***************************

Description:

Web server failed to start. Port 8080 was already in use.

Action:

Identify and stop the process that's listening on port 8080 or configure this application to listen on another port.

